{
  "stats": {
    "suites": 1,
    "tests": 4,
    "passes": 3,
    "pending": 0,
    "failures": 1,
    "start": "2022-08-22T17:00:10.860Z",
    "end": "2022-08-22T17:00:52.006Z",
    "duration": 41146,
    "testsRegistered": 4,
    "passPercent": 75,
    "pendingPercent": 0,
    "other": 0,
    "hasOther": false,
    "skipped": 0,
    "hasSkipped": false
  },
  "results": [
    {
      "uuid": "0e6474dd-9dcc-4439-8d53-a57615a1180a",
      "title": "",
      "fullFile": "T:\\TTTN\\selenium-web-sale\\testcases\\user\\Search.js",
      "file": "\\testcases\\user\\Search.js",
      "beforeHooks": [],
      "afterHooks": [],
      "tests": [],
      "suites": [
        {
          "uuid": "11d55cd3-f9b4-468b-ae89-1e80b67d4898",
          "title": "Search",
          "fullFile": "T:\\TTTN\\selenium-web-sale\\testcases\\user\\Search.js",
          "file": "\\testcases\\user\\Search.js",
          "beforeHooks": [
            {
              "title": "\"before all\" hook: Open browser in \"Search\"",
              "fullTitle": "Search \"before all\" hook: Open browser in \"Search\"",
              "timedOut": false,
              "duration": 2845,
              "state": null,
              "speed": null,
              "pass": false,
              "fail": false,
              "pending": false,
              "context": null,
              "code": "log.info(\"Pre-Condition: Open homepage\");\ndriver = await openBrowser.openHomePage();\nhomePage.constructorDriver(driver);\nsearchPage.constructorDriver(driver);\nawait driver.sleep(2000);",
              "err": {},
              "uuid": "29290eaa-52ed-46fa-adf4-ff0ebf39efc6",
              "parentUUID": "11d55cd3-f9b4-468b-ae89-1e80b67d4898",
              "isHook": true,
              "skipped": false
            },
            {
              "title": "\"before each\" hook: Click home icon in \"Search\"",
              "fullTitle": "Search \"before each\" hook: Click home icon in \"Search\"",
              "timedOut": false,
              "duration": 1000,
              "state": null,
              "speed": null,
              "pass": false,
              "fail": false,
              "pending": false,
              "context": null,
              "code": "homePage.clickToHomeIcon();\nawait driver.sleep(1000);",
              "err": {},
              "uuid": "356901e4-1337-4bb7-9478-95cc2e4ccd29",
              "parentUUID": "11d55cd3-f9b4-468b-ae89-1e80b67d4898",
              "isHook": true,
              "skipped": false
            }
          ],
          "afterHooks": [
            {
              "title": "\"after all\" hook: Close browser in \"Search\"",
              "fullTitle": "Search \"after all\" hook: Close browser in \"Search\"",
              "timedOut": false,
              "duration": 61,
              "state": null,
              "speed": null,
              "pass": false,
              "fail": false,
              "pending": false,
              "context": null,
              "code": "log.info(\"Close the browser.\");\nawait driver.quit();",
              "err": {},
              "uuid": "b3461623-5aa0-4656-a84b-a2bb75429f12",
              "parentUUID": "11d55cd3-f9b4-468b-ae89-1e80b67d4898",
              "isHook": true,
              "skipped": false
            },
            {
              "title": "\"after each\" hook in \"Search\"",
              "fullTitle": "Search \"after each\" hook in \"Search\"",
              "timedOut": false,
              "duration": 0,
              "state": null,
              "speed": null,
              "pass": false,
              "fail": false,
              "pending": false,
              "context": null,
              "code": "if(this.currentTest.state == 'failed'){\n    let imageFileName = this.currentTest.title + '.jpeg';\n    driver.takeScreenshot().then(\n        function(image){\n            require('fs').writeFileSync('./screenshots/user/search/' + imageFileName, image, 'base64');\n        }\n    )\n    addContext(this,'Following comes the failed test image');\n    addContext(this, '../screenshots/user/search/' + imageFileName);\n}",
              "err": {},
              "uuid": "14134dba-1bf5-449b-8bee-80bb310e6c88",
              "parentUUID": "11d55cd3-f9b4-468b-ae89-1e80b67d4898",
              "isHook": true,
              "skipped": false
            }
          ],
          "tests": [
            {
              "title": "Search-01 Search with empty data",
              "fullTitle": "Search Search-01 Search with empty data",
              "timedOut": false,
              "duration": 1022,
              "state": "passed",
              "speed": "slow",
              "pass": true,
              "fail": false,
              "pending": false,
              "context": null,
              "code": "log.info(\"Search-01 Search with empty data\")\nlog.info(\"Search - Step 01: Enter to Search textbox with empty data.\");\nhomePage.inputSearchTextbox(\"\");\nlog.info(\"Search - Step 02: Click to 'Search' button.\");\nhomePage.clickToSearchButton();\nawait driver.sleep(1000);\nlog.info(\"Search - Step 03: Navigate to Home page\");\nsearchPage.clickBackToHomePageLink();",
              "err": {},
              "uuid": "6c40f07c-6326-46a9-b54a-2c1fedd5fa47",
              "parentUUID": "11d55cd3-f9b4-468b-ae89-1e80b67d4898",
              "isHook": false,
              "skipped": false
            },
            {
              "title": "Search-02 Search with data is not existing",
              "fullTitle": "Search Search-02 Search with data is not existing",
              "timedOut": false,
              "duration": 31057,
              "state": "failed",
              "speed": null,
              "pass": false,
              "fail": true,
              "pending": false,
              "context": "[\n  \"Following comes the failed test image\",\n  \"../screenshots/user/search/Search-02 Search with data is not existing.jpeg\"\n]",
              "code": "log.info(\"Search-02 Search with data is not existing\");\nlog.info(\"Search - Step 01: Enter to Search textbox with value is '\" + notExistingItem + \"'\");\nhomePage.inputSearchTextbox(\"balo\");\nlog.info(\"Search - Step 02: Click to 'Search' button.\");\nhomePage.clickToSearchButton();\nawait driver.sleep(1000);\nlog.info(\"Search - Step 03: Verify '\" + notExistingItem +\"' is not displayed.\");\nawait searchPage.verifyNotExistingItemMessageIsDisplayed();",
              "err": {
                "message": "NoSuchElementError: no such element: Unable to locate element: {\"method\":\"xpath\",\"selector\":\"//div[contains(text(),'Không có sản phẩm thoả yêu cầu.')]\"}\n  (Session info: chrome=104.0.5112.101)",
                "estack": "NoSuchElementError: no such element: Unable to locate element: {\"method\":\"xpath\",\"selector\":\"//div[contains(text(),'Không có sản phẩm thoả yêu cầu.')]\"}\n  (Session info: chrome=104.0.5112.101)\n    at Object.throwDecodedError (node_modules\\selenium-webdriver\\lib\\error.js:522:15)\n    at parseHttpResponse (node_modules\\selenium-webdriver\\lib\\http.js:589:13)\n    at Executor.execute (node_modules\\selenium-webdriver\\lib\\http.js:514:28)\n    at processTicksAndRejections (node:internal/process/task_queues:96:5)\n    at async Driver.execute (node_modules\\selenium-webdriver\\lib\\webdriver.js:740:17)\n    at async toWireValue (node_modules\\selenium-webdriver\\lib\\webdriver.js:141:15)\n    at async T:\\TTTN\\selenium-web-sale\\node_modules\\selenium-webdriver\\lib\\webdriver.js:191:16\n    at async forEachKey (node_modules\\selenium-webdriver\\lib\\webdriver.js:185:9)\n    at async convertKeys (node_modules\\selenium-webdriver\\lib\\webdriver.js:190:3)\n    at async Driver.execute (node_modules\\selenium-webdriver\\lib\\webdriver.js:738:22)\n    at async SearchPageObject.verifyNotExistingItemMessageIsDisplayed (actions\\pageObject\\userPageObject\\SearchPageObject.js:30:28)\n    at async Context.<anonymous> (testcases\\user\\Search.js:51:9)",
                "diff": null
              },
              "uuid": "c33636c2-d135-40c8-8688-6d62dfb34b35",
              "parentUUID": "11d55cd3-f9b4-468b-ae89-1e80b67d4898",
              "isHook": false,
              "skipped": false
            },
            {
              "title": "Search-03 Search with ralative data",
              "fullTitle": "Search Search-03 Search with ralative data",
              "timedOut": false,
              "duration": 1060,
              "state": "passed",
              "speed": "slow",
              "pass": true,
              "fail": false,
              "pending": false,
              "context": null,
              "code": "log.info(\"Search-03 Search with ralative data\");\nlog.info(\"Search - Step 01: Enter to Search textbox with value is '\" + existingItem + \"'\");\nhomePage.inputSearchTextbox(existingItem);\nlog.info(\"Search - Step 02: Click to 'Search' button.\");\nhomePage.clickToSearchButton();\nawait driver.sleep(1000);\nlog.info(\"Search - Step 03: Verify result message is displayed.\")\nawait searchPage.verifyResultOfHandBackMessageDisplayed();\n//await searchPage.getListItemPage1Text();",
              "err": {},
              "uuid": "6c00f1eb-6444-45cc-8c78-d7ed8014c595",
              "parentUUID": "11d55cd3-f9b4-468b-ae89-1e80b67d4898",
              "isHook": false,
              "skipped": false
            },
            {
              "title": "Search-04 Search with absolutely item",
              "fullTitle": "Search Search-04 Search with absolutely item",
              "timedOut": false,
              "duration": 1063,
              "state": "passed",
              "speed": "slow",
              "pass": true,
              "fail": false,
              "pending": false,
              "context": null,
              "code": "log.info(\"Search-04 Search with absolutely item\");\nlog.info(\"Search - Step 01: Enter to Search textbox with value is '\" + absoluteItem + \"'\");\nhomePage.inputSearchTextbox(absoluteItem);\nlog.info(\"Search - Step 02: Click to 'Search' button.\");\nhomePage.clickToSearchButton();\nawait driver.sleep(1000);\nlog.info(\"Search - Step 03: Verify result message is displayed.\");\nawait searchPage.verifyIsResultAbsoluteItemMessageDisplayed();\nlog.info(\"Search - Step 04: Verify 1 item is displayed.\");\nawait searchPage.verifyBaloItemDisplayed();",
              "err": {},
              "uuid": "20e0a203-3733-4cc9-8b52-1c82c2404619",
              "parentUUID": "11d55cd3-f9b4-468b-ae89-1e80b67d4898",
              "isHook": false,
              "skipped": false
            }
          ],
          "suites": [],
          "passes": [
            "6c40f07c-6326-46a9-b54a-2c1fedd5fa47",
            "6c00f1eb-6444-45cc-8c78-d7ed8014c595",
            "20e0a203-3733-4cc9-8b52-1c82c2404619"
          ],
          "failures": [
            "c33636c2-d135-40c8-8688-6d62dfb34b35"
          ],
          "pending": [],
          "skipped": [],
          "duration": 34202,
          "root": false,
          "rootEmpty": false,
          "_timeout": 0
        }
      ],
      "passes": [],
      "failures": [],
      "pending": [],
      "skipped": [],
      "duration": 0,
      "root": true,
      "rootEmpty": true,
      "_timeout": 0
    }
  ],
  "meta": {
    "mocha": {
      "version": "10.0.0"
    },
    "mochawesome": {
      "options": {
        "quiet": false,
        "reportFilename": "mochawesome",
        "saveHtml": true,
        "saveJson": true,
        "consoleReporter": "spec",
        "useInlineDiffs": false,
        "code": true
      },
      "version": "7.1.3"
    },
    "marge": {
      "options": {
        "enableCode": "false"
      },
      "version": "6.2.0"
    }
  }
}